<?xml version="1.0" encoding="UTF-8"?>
<!-- Generated by org.testng.reporters.JUnitXMLReporter -->
<testsuite ignored="0" hostname="DESKTOP-OIOR21N" failures="0" tests="3" name="HRM" time="0.866" errors="0" timestamp="2025-01-05T13:18:43 IST">
  <testcase classname="TestBase.BaseClass2" name="@BeforeClass setUp" time="-1.736063322211E9">
    <failure type="org.testng.TestNGException" message="
Parameter &amp;apos;os&amp;apos; is required by BeforeClass on method setUp but has not been marked @Optional or defined
in F:\Eclips_Workspace_2024\eRail\hrm.xml">
      <![CDATA[org.testng.TestNGException: 
Parameter 'os' is required by BeforeClass on method setUp but has not been marked @Optional or defined
in F:\Eclips_Workspace_2024\eRail\hrm.xml
at java.base/java.util.ArrayList.forEach(ArrayList.java:1596)
... Removed 22 stack frames]]>
    </failure>
  </testcase> <!-- @BeforeClass setUp -->
  <testcase classname="TestBase.BaseClass2" name="@AfterClass tearDown" time="0.0">
    <skipped/>
  </testcase> <!-- @AfterClass tearDown -->
  <testcase classname="TestClasses.TC002_OrangeHRMDDTest" name="orangeHRMDDTest" time="0.0">
    <skipped/>
  </testcase> <!-- orangeHRMDDTest -->
  <testcase classname="TestClasses.TC002_OrangeHRMDDTest" name="orangeHRMDDTest" time="0.001">
    <skipped/>
  </testcase> <!-- orangeHRMDDTest -->
  <testcase classname="TestClasses.TC002_OrangeHRMDDTest" name="orangeHRMDDTest" time="0.0">
    <skipped/>
  </testcase> <!-- orangeHRMDDTest -->
</testsuite> <!-- HRM -->
